<?xml version="1.0" encoding="UTF-8"?>
<!-- Generated by org.testng.reporters.JUnitXMLReporter -->
<testsuite ignored="1" hostname="WS-16454" failures="0" tests="2" name="Submit Order Test" time="24.762" errors="0" timestamp="2024-02-20T23:24:58 IST">
  <testcase classname="AutomationTest.tests.standaloneSubmitTest" name="submitOrder" time="4.107"/>
  <testcase classname="AutomationTest.tests.standaloneSubmitTest" name="submitOrder" time="14.376"/>
  <testcase classname="AutomationTest.tests.standaloneSubmitTest" name="orderHistoryTest" time="0.0">
    <ignored/>
  </testcase> <!-- orderHistoryTest -->
</testsuite> <!-- Submit Order Test -->
