<?xml version="1.0" encoding="UTF-8"?>
<testng-results ignored="0" total="2" passed="2" failed="0" skipped="0">
  <reporter-output>
  </reporter-output>
  <suite started-at="2024-02-20T22:49:13 IST" name="Suite" finished-at="2024-02-20T22:49:47 IST" duration-ms="33722">
    <groups>
      <group name="CreateOrder">
        <method signature="standaloneSubmitTest.submitOrder(java.util.HashMap)[pri:0, instance:AutomationTest.tests.standaloneSubmitTest@41a0aa7d]" name="submitOrder" class="AutomationTest.tests.standaloneSubmitTest"/>
      </group> <!-- CreateOrder -->
    </groups>
    <test started-at="2024-02-20T22:49:13 IST" name="Submit Order Test" finished-at="2024-02-20T22:49:47 IST" duration-ms="33722">
      <class name="AutomationTest.tests.standaloneSubmitTest">
        <test-method is-config="true" signature="launchApplication()[pri:0, instance:AutomationTest.tests.standaloneSubmitTest@41a0aa7d]" started-at="2024-02-20T22:49:14 IST" name="launchApplication" finished-at="2024-02-20T22:49:16 IST" duration-ms="2555" status="PASS">
          <reporter-output>
          </reporter-output>
        </test-method> <!-- launchApplication -->
        <test-method signature="submitOrder(java.util.HashMap)[pri:0, instance:AutomationTest.tests.standaloneSubmitTest@41a0aa7d]" started-at="2024-02-20T22:49:16 IST" name="submitOrder" data-provider="getData" finished-at="2024-02-20T22:49:31 IST" duration-ms="14499" status="PASS">
          <params>
            <param index="0">
              <value>
                <![CDATA[{password=David@54321, item=ADIDAS ORIGINAL, email=DavidMDiaz@rhyta.com}]]>
              </value>
            </param>
          </params>
          <reporter-output>
          </reporter-output>
        </test-method> <!-- submitOrder -->
        <test-method is-config="true" signature="tearDown()[pri:0, instance:AutomationTest.tests.standaloneSubmitTest@41a0aa7d]" started-at="2024-02-20T22:49:31 IST" name="tearDown" finished-at="2024-02-20T22:49:31 IST" duration-ms="202" status="PASS">
          <reporter-output>
          </reporter-output>
        </test-method> <!-- tearDown -->
        <test-method is-config="true" signature="launchApplication()[pri:0, instance:AutomationTest.tests.standaloneSubmitTest@41a0aa7d]" started-at="2024-02-20T22:49:31 IST" name="launchApplication" finished-at="2024-02-20T22:49:33 IST" duration-ms="1557" status="PASS">
          <reporter-output>
          </reporter-output>
        </test-method> <!-- launchApplication -->
        <test-method signature="submitOrder(java.util.HashMap)[pri:0, instance:AutomationTest.tests.standaloneSubmitTest@41a0aa7d]" started-at="2024-02-20T22:49:33 IST" name="submitOrder" data-provider="getData" finished-at="2024-02-20T22:49:47 IST" duration-ms="14369" status="PASS">
          <params>
            <param index="0">
              <value>
                <![CDATA[{password=Cillian@54321, item=ZARA COAT 3, email=zalepraddili-9737@yopmail.com}]]>
              </value>
            </param>
          </params>
          <reporter-output>
          </reporter-output>
        </test-method> <!-- submitOrder -->
        <test-method is-config="true" signature="tearDown()[pri:0, instance:AutomationTest.tests.standaloneSubmitTest@41a0aa7d]" started-at="2024-02-20T22:49:47 IST" name="tearDown" finished-at="2024-02-20T22:49:47 IST" duration-ms="198" status="PASS">
          <reporter-output>
          </reporter-output>
        </test-method> <!-- tearDown -->
      </class> <!-- AutomationTest.tests.standaloneSubmitTest -->
    </test> <!-- Submit Order Test -->
  </suite> <!-- Suite -->
</testng-results>
